
> vmk-app@0.1.0 build
> opennextjs-cloudflare build


螕枚卯螕枚脟螕枚脟螕枚脟螕枚脟螕枚脟螕枚脟螕枚脟螕枚脟螕枚脟螕枚脟螕枚脟螕枚脟螕枚脟螕枚脟螕枚脟螕枚脟螕枚脟螕枚脟螕枚脟螕枚脟螕枚脟螕枚脟螕枚脟螕枚脟螕枚脟螕枚脟螕枚脟螕枚脟螕枚脟螕枚脡
螕枚茅 OpenNext 螕脟枚 Cloudflare build 螕枚茅
螕枚枚螕枚脟螕枚脟螕枚脟螕枚脟螕枚脟螕枚脟螕枚脟螕枚脟螕枚脟螕枚脟螕枚脟螕枚脟螕枚脟螕枚脟螕枚脟螕枚脟螕枚脟螕枚脟螕枚脟螕枚脟螕枚脟螕枚脟螕枚脟螕枚脟螕枚脟螕枚脟螕枚脟螕枚脟螕枚脟螕枚每

WARN OpenNext is not fully compatible with Windows.
WARN For optimal performance, it is recommended to use Windows Subsystem for Linux (WSL).
WARN While OpenNext may function on Windows, it could encounter unpredictable failures during runtime.
App directory: C:\Users\SAHARA\Desktop\Scroll-Work
Next.js version : 16.1.6
@opennextjs/cloudflare version: 1.17.1
@opennextjs/aws version: 3.9.16

螕枚卯螕枚脟螕枚脟螕枚脟螕枚脟螕枚脟螕枚脟螕枚脟螕枚脟螕枚脟螕枚脟螕枚脟螕枚脟螕枚脟螕枚脟螕枚脟螕枚脟螕枚脟螕枚脟螕枚脟螕枚脟螕枚脟螕枚脟螕枚脟螕枚脟螕枚脟螕枚脟螕枚脟螕枚脟螕枚脟螕枚脟螕枚脟螕枚脟螕枚脟螕枚脡
螕枚茅 OpenNext 螕脟枚 Building Next.js app 螕枚茅
螕枚枚螕枚脟螕枚脟螕枚脟螕枚脟螕枚脟螕枚脟螕枚脟螕枚脟螕枚脟螕枚脟螕枚脟螕枚脟螕枚脟螕枚脟螕枚脟螕枚脟螕枚脟螕枚脟螕枚脟螕枚脟螕枚脟螕枚脟螕枚脟螕枚脟螕枚脟螕枚脟螕枚脟螕枚脟螕枚脟螕枚脟螕枚脟螕枚脟螕枚脟螕枚每


> vmk-app@0.1.0 build
> opennextjs-cloudflare build


螕枚卯螕枚脟螕枚脟螕枚脟螕枚脟螕枚脟螕枚脟螕枚脟螕枚脟螕枚脟螕枚脟螕枚脟螕枚脟螕枚脟螕枚脟螕枚脟螕枚脟螕枚脟螕枚脟螕枚脟螕枚脟螕枚脟螕枚脟螕枚脟螕枚脟螕枚脟螕枚脟螕枚脟螕枚脟螕枚脟螕枚脡
螕枚茅 OpenNext 螕脟枚 Cloudflare build 螕枚茅
螕枚枚螕枚脟螕枚脟螕枚脟螕枚脟螕枚脟螕枚脟螕枚脟螕枚脟螕枚脟螕枚脟螕枚脟螕枚脟螕枚脟螕枚脟螕枚脟螕枚脟螕枚脟螕枚脟螕枚脟螕枚脟螕枚脟螕枚脟螕枚脟螕枚脟螕枚脟螕枚脟螕枚脟螕枚脟螕枚脟螕枚每

WARN OpenNext is not fully compatible with Windows.
WARN For optimal performance, it is recommended to use Windows Subsystem for Linux (WSL).
WARN While OpenNext may function on Windows, it could encounter unpredictable failures during runtime.
App directory: C:\Users\SAHARA\Desktop\Scroll-Work
Next.js version : 16.1.6
@opennextjs/cloudflare version: 1.17.1
@opennextjs/aws version: 3.9.16

螕枚卯螕枚脟螕枚脟螕枚脟螕枚脟螕枚脟螕枚脟螕枚脟螕枚脟螕枚脟螕枚脟螕枚脟螕枚脟螕枚脟螕枚脟螕枚脟螕枚脟螕枚脟螕枚脟螕枚脟螕枚脟螕枚脟螕枚脟螕枚脟螕枚脟螕枚脟螕枚脟螕枚脟螕枚脟螕枚脟螕枚脟螕枚脟螕枚脟螕枚脟螕枚脡
螕枚茅 OpenNext 螕脟枚 Building Next.js app 螕枚茅
螕枚枚螕枚脟螕枚脟螕枚脟螕枚脟螕枚脟螕枚脟螕枚脟螕枚脟螕枚脟螕枚脟螕枚脟螕枚脟螕枚脟螕枚脟螕枚脟螕枚脟螕枚脟螕枚脟螕枚脟螕枚脟螕枚脟螕枚脟螕枚脟螕枚脟螕枚脟螕枚脟螕枚脟螕枚脟螕枚脟螕枚脟螕枚脟螕枚脟螕枚脟螕枚每


> vmk-app@0.1.0 build
> opennextjs-cloudflare build


螕枚卯螕枚脟螕枚脟螕枚脟螕枚脟螕枚脟螕枚脟螕枚脟螕枚脟螕枚脟螕枚脟螕枚脟螕枚脟螕枚脟螕枚脟螕枚脟螕枚脟螕枚脟螕枚脟螕枚脟螕枚脟螕枚脟螕枚脟螕枚脟螕枚脟螕枚脟螕枚脟螕枚脟螕枚脟螕枚脟螕枚脡
螕枚茅 OpenNext 螕脟枚 Cloudflare build 螕枚茅
螕枚枚螕枚脟螕枚脟螕枚脟螕枚脟螕枚脟螕枚脟螕枚脟螕枚脟螕枚脟螕枚脟螕枚脟螕枚脟螕枚脟螕枚脟螕枚脟螕枚脟螕枚脟螕枚脟螕枚脟螕枚脟螕枚脟螕枚脟螕枚脟螕枚脟螕枚脟螕枚脟螕枚脟螕枚脟螕枚脟螕枚每

WARN OpenNext is not fully compatible with Windows.
WARN For optimal performance, it is recommended to use Windows Subsystem for Linux (WSL).
WARN While OpenNext may function on Windows, it could encounter unpredictable failures during runtime.
App directory: C:\Users\SAHARA\Desktop\Scroll-Work
Next.js version : 16.1.6
@opennextjs/cloudflare version: 1.17.1
@opennextjs/aws version: 3.9.16

螕枚卯螕枚脟螕枚脟螕枚脟螕枚脟螕枚脟螕枚脟螕枚脟螕枚脟螕枚脟螕枚脟螕枚脟螕枚脟螕枚脟螕枚脟螕枚脟螕枚脟螕枚脟螕枚脟螕枚脟螕枚脟螕枚脟螕枚脟螕枚脟螕枚脟螕枚脟螕枚脟螕枚脟螕枚脟螕枚脟螕枚脟螕枚脟螕枚脟螕枚脟螕枚脡
螕枚茅 OpenNext 螕脟枚 Building Next.js app 螕枚茅
螕枚枚螕枚脟螕枚脟螕枚脟螕枚脟螕枚脟螕枚脟螕枚脟螕枚脟螕枚脟螕枚脟螕枚脟螕枚脟螕枚脟螕枚脟螕枚脟螕枚脟螕枚脟螕枚脟螕枚脟螕枚脟螕枚脟螕枚脟螕枚脟螕枚脟螕枚脟螕枚脟螕枚脟螕枚脟螕枚脟螕枚脟螕枚脟螕枚脟螕枚脟螕枚每


> vmk-app@0.1.0 build
> opennextjs-cloudflare build


螕枚卯螕枚脟螕枚脟螕枚脟螕枚脟螕枚脟螕枚脟螕枚脟螕枚脟螕枚脟螕枚脟螕枚脟螕枚脟螕枚脟螕枚脟螕枚脟螕枚脟螕枚脟螕枚脟螕枚脟螕枚脟螕枚脟螕枚脟螕枚脟螕枚脟螕枚脟螕枚脟螕枚脟螕枚脟螕枚脟螕枚脡
螕枚茅 OpenNext 螕脟枚 Cloudflare build 螕枚茅
螕枚枚螕枚脟螕枚脟螕枚脟螕枚脟螕枚脟螕枚脟螕枚脟螕枚脟螕枚脟螕枚脟螕枚脟螕枚脟螕枚脟螕枚脟螕枚脟螕枚脟螕枚脟螕枚脟螕枚脟螕枚脟螕枚脟螕枚脟螕枚脟螕枚脟螕枚脟螕枚脟螕枚脟螕枚脟螕枚脟螕枚每

WARN OpenNext is not fully compatible with Windows.
WARN For optimal performance, it is recommended to use Windows Subsystem for Linux (WSL).
WARN While OpenNext may function on Windows, it could encounter unpredictable failures during runtime.
App directory: C:\Users\SAHARA\Desktop\Scroll-Work
Next.js version : 16.1.6
@opennextjs/cloudflare version: 1.17.1
@opennextjs/aws version: 3.9.16

螕枚卯螕枚脟螕枚脟螕枚脟螕枚脟螕枚脟螕枚脟螕枚脟螕枚脟螕枚脟螕枚脟螕枚脟螕枚脟螕枚脟螕枚脟螕枚脟螕枚脟螕枚脟螕枚脟螕枚脟螕枚脟螕枚脟螕枚脟螕枚脟螕枚脟螕枚脟螕枚脟螕枚脟螕枚脟螕枚脟螕枚脟螕枚脟螕枚脟螕枚脟螕枚脡
螕枚茅 OpenNext 螕脟枚 Building Next.js app 螕枚茅
螕枚枚螕枚脟螕枚脟螕枚脟螕枚脟螕枚脟螕枚脟螕枚脟螕枚脟螕枚脟螕枚脟螕枚脟螕枚脟螕枚脟螕枚脟螕枚脟螕枚脟螕枚脟螕枚脟螕枚脟螕枚脟螕枚脟螕枚脟螕枚脟螕枚脟螕枚脟螕枚脟螕枚脟螕枚脟螕枚脟螕枚脟螕枚脟螕枚脟螕枚脟螕枚每


> vmk-app@0.1.0 build
> opennextjs-cloudflare build


螕枚卯螕枚脟螕枚脟螕枚脟螕枚脟螕枚脟螕枚脟螕枚脟螕枚脟螕枚脟螕枚脟螕枚脟螕枚脟螕枚脟螕枚脟螕枚脟螕枚脟螕枚脟螕枚脟螕枚脟螕枚脟螕枚脟螕枚脟螕枚脟螕枚脟螕枚脟螕枚脟螕枚脟螕枚脟螕枚脟螕枚脡
螕枚茅 OpenNext 螕脟枚 Cloudflare build 螕枚茅
螕枚枚螕枚脟螕枚脟螕枚脟螕枚脟螕枚脟螕枚脟螕枚脟螕枚脟螕枚脟螕枚脟螕枚脟螕枚脟螕枚脟螕枚脟螕枚脟螕枚脟螕枚脟螕枚脟螕枚脟螕枚脟螕枚脟螕枚脟螕枚脟螕枚脟螕枚脟螕枚脟螕枚脟螕枚脟螕枚脟螕枚每

WARN OpenNext is not fully compatible with Windows.
WARN For optimal performance, it is recommended to use Windows Subsystem for Linux (WSL).
WARN While OpenNext may function on Windows, it could encounter unpredictable failures during runtime.
App directory: C:\Users\SAHARA\Desktop\Scroll-Work
Next.js version : 16.1.6
@opennextjs/cloudflare version: 1.17.1
@opennextjs/aws version: 3.9.16

螕枚卯螕枚脟螕枚脟螕枚脟螕枚脟螕枚脟螕枚脟螕枚脟螕枚脟螕枚脟螕枚脟螕枚脟螕枚脟螕枚脟螕枚脟螕枚脟螕枚脟螕枚脟螕枚脟螕枚脟螕枚脟螕枚脟螕枚脟螕枚脟螕枚脟螕枚脟螕枚脟螕枚脟螕枚脟螕枚脟螕枚脟螕枚脟螕枚脟螕枚脟螕枚脡
螕枚茅 OpenNext 螕脟枚 Building Next.js app 螕枚茅
螕枚枚螕枚脟螕枚脟螕枚脟螕枚脟螕枚脟螕枚脟螕枚脟螕枚脟螕枚脟螕枚脟螕枚脟螕枚脟螕枚脟螕枚脟螕枚脟螕枚脟螕枚脟螕枚脟螕枚脟螕枚脟螕枚脟螕枚脟螕枚脟螕枚脟螕枚脟螕枚脟螕枚脟螕枚脟螕枚脟螕枚脟螕枚脟螕枚脟螕枚脟螕枚每


> vmk-app@0.1.0 build
> opennextjs-cloudflare build


螕枚卯螕枚脟螕枚脟螕枚脟螕枚脟螕枚脟螕枚脟螕枚脟螕枚脟螕枚脟螕枚脟螕枚脟螕枚脟螕枚脟螕枚脟螕枚脟螕枚脟螕枚脟螕枚脟螕枚脟螕枚脟螕枚脟螕枚脟螕枚脟螕枚脟螕枚脟螕枚脟螕枚脟螕枚脟螕枚脟螕枚脡
螕枚茅 OpenNext 螕脟枚 Cloudflare build 螕枚茅
螕枚枚螕枚脟螕枚脟螕枚脟螕枚脟螕枚脟螕枚脟螕枚脟螕枚脟螕枚脟螕枚脟螕枚脟螕枚脟螕枚脟螕枚脟螕枚脟螕枚脟螕枚脟螕枚脟螕枚脟螕枚脟螕枚脟螕枚脟螕枚脟螕枚脟螕枚脟螕枚脟螕枚脟螕枚脟螕枚脟螕枚每

WARN OpenNext is not fully compatible with Windows.
WARN For optimal performance, it is recommended to use Windows Subsystem for Linux (WSL).
WARN While OpenNext may function on Windows, it could encounter unpredictable failures during runtime.
App directory: C:\Users\SAHARA\Desktop\Scroll-Work
Next.js version : 16.1.6
@opennextjs/cloudflare version: 1.17.1
@opennextjs/aws version: 3.9.16

螕枚卯螕枚脟螕枚脟螕枚脟螕枚脟螕枚脟螕枚脟螕枚脟螕枚脟螕枚脟螕枚脟螕枚脟螕枚脟螕枚脟螕枚脟螕枚脟螕枚脟螕枚脟螕枚脟螕枚脟螕枚脟螕枚脟螕枚脟螕枚脟螕枚脟螕枚脟螕枚脟螕枚脟螕枚脟螕枚脟螕枚脟螕枚脟螕枚脟螕枚脟螕枚脡
螕枚茅 OpenNext 螕脟枚 Building Next.js app 螕枚茅
螕枚枚螕枚脟螕枚脟螕枚脟螕枚脟螕枚脟螕枚脟螕枚脟螕枚脟螕枚脟螕枚脟螕枚脟螕枚脟螕枚脟螕枚脟螕枚脟螕枚脟螕枚脟螕枚脟螕枚脟螕枚脟螕枚脟螕枚脟螕枚脟螕枚脟螕枚脟螕枚脟螕枚脟螕枚脟螕枚脟螕枚脟螕枚脟螕枚脟螕枚脟螕枚每


> vmk-app@0.1.0 build
> opennextjs-cloudflare build


螕枚卯螕枚脟螕枚脟螕枚脟螕枚脟螕枚脟螕枚脟螕枚脟螕枚脟螕枚脟螕枚脟螕枚脟螕枚脟螕枚脟螕枚脟螕枚脟螕枚脟螕枚脟螕枚脟螕枚脟螕枚脟螕枚脟螕枚脟螕枚脟螕枚脟螕枚脟螕枚脟螕枚脟螕枚脟螕枚脟螕枚脡
螕枚茅 OpenNext 螕脟枚 Cloudflare build 螕枚茅
螕枚枚螕枚脟螕枚脟螕枚脟螕枚脟螕枚脟螕枚脟螕枚脟螕枚脟螕枚脟螕枚脟螕枚脟螕枚脟螕枚脟螕枚脟螕枚脟螕枚脟螕枚脟螕枚脟螕枚脟螕枚脟螕枚脟螕枚脟螕枚脟螕枚脟螕枚脟螕枚脟螕枚脟螕枚脟螕枚脟螕枚每

WARN OpenNext is not fully compatible with Windows.
WARN For optimal performance, it is recommended to use Windows Subsystem for Linux (WSL).
WARN While OpenNext may function on Windows, it could encounter unpredictable failures during runtime.
App directory: C:\Users\SAHARA\Desktop\Scroll-Work
Next.js version : 16.1.6
@opennextjs/cloudflare version: 1.17.1
@opennextjs/aws version: 3.9.16

螕枚卯螕枚脟螕枚脟螕枚脟螕枚脟螕枚脟螕枚脟螕枚脟螕枚脟螕枚脟螕枚脟螕枚脟螕枚脟螕枚脟螕枚脟螕枚脟螕枚脟螕枚脟螕枚脟螕枚脟螕枚脟螕枚脟螕枚脟螕枚脟螕枚脟螕枚脟螕枚脟螕枚脟螕枚脟螕枚脟螕枚脟螕枚脟螕枚脟螕枚脟螕枚脡
螕枚茅 OpenNext 螕脟枚 Building Next.js app 螕枚茅
螕枚枚螕枚脟螕枚脟螕枚脟螕枚脟螕枚脟螕枚脟螕枚脟螕枚脟螕枚脟螕枚脟螕枚脟螕枚脟螕枚脟螕枚脟螕枚脟螕枚脟螕枚脟螕枚脟螕枚脟螕枚脟螕枚脟螕枚脟螕枚脟螕枚脟螕枚脟螕枚脟螕枚脟螕枚脟螕枚脟螕枚脟螕枚脟螕枚脟螕枚脟螕枚每


> vmk-app@0.1.0 build
> opennextjs-cloudflare build


螕枚卯螕枚脟螕枚脟螕枚脟螕枚脟螕枚脟螕枚脟螕枚脟螕枚脟螕枚脟螕枚脟螕枚脟螕枚脟螕枚脟螕枚脟螕枚脟螕枚脟螕枚脟螕枚脟螕枚脟螕枚脟螕枚脟螕枚脟螕枚脟螕枚脟螕枚脟螕枚脟螕枚脟螕枚脟螕枚脟螕枚脡
螕枚茅 OpenNext 螕脟枚 Cloudflare build 螕枚茅
螕枚枚螕枚脟螕枚脟螕枚脟螕枚脟螕枚脟螕枚脟螕枚脟螕枚脟螕枚脟螕枚脟螕枚脟螕枚脟螕枚脟螕枚脟螕枚脟螕枚脟螕枚脟螕枚脟螕枚脟螕枚脟螕枚脟螕枚脟螕枚脟螕枚脟螕枚脟螕枚脟螕枚脟螕枚脟螕枚脟螕枚每

WARN OpenNext is not fully compatible with Windows.
WARN For optimal performance, it is recommended to use Windows Subsystem for Linux (WSL).
WARN While OpenNext may function on Windows, it could encounter unpredictable failures during runtime.
App directory: C:\Users\SAHARA\Desktop\Scroll-Work
Next.js version : 16.1.6
@opennextjs/cloudflare version: 1.17.1
@opennextjs/aws version: 3.9.16

螕枚卯螕枚脟螕枚脟螕枚脟螕枚脟螕枚脟螕枚脟螕枚脟螕枚脟螕枚脟螕枚脟螕枚脟螕枚脟螕枚脟螕枚脟螕枚脟螕枚脟螕枚脟螕枚脟螕枚脟螕枚脟螕枚脟螕枚脟螕枚脟螕枚脟螕枚脟螕枚脟螕枚脟螕枚脟螕枚脟螕枚脟螕枚脟螕枚脟螕枚脟螕枚脡
螕枚茅 OpenNext 螕脟枚 Building Next.js app 螕枚茅
螕枚枚螕枚脟螕枚脟螕枚脟螕枚脟螕枚脟螕枚脟螕枚脟螕枚脟螕枚脟螕枚脟螕枚脟螕枚脟螕枚脟螕枚脟螕枚脟螕枚脟螕枚脟螕枚脟螕枚脟螕枚脟螕枚脟螕枚脟螕枚脟螕枚脟螕枚脟螕枚脟螕枚脟螕枚脟螕枚脟螕枚脟螕枚脟螕枚脟螕枚脟螕枚每


> vmk-app@0.1.0 build
> opennextjs-cloudflare build


螕枚卯螕枚脟螕枚脟螕枚脟螕枚脟螕枚脟螕枚脟螕枚脟螕枚脟螕枚脟螕枚脟螕枚脟螕枚脟螕枚脟螕枚脟螕枚脟螕枚脟螕枚脟螕枚脟螕枚脟螕枚脟螕枚脟螕枚脟螕枚脟螕枚脟螕枚脟螕枚脟螕枚脟螕枚脟螕枚脟螕枚脡
螕枚茅 OpenNext 螕脟枚 Cloudflare build 螕枚茅
螕枚枚螕枚脟螕枚脟螕枚脟螕枚脟螕枚脟螕枚脟螕枚脟螕枚脟螕枚脟螕枚脟螕枚脟螕枚脟螕枚脟螕枚脟螕枚脟螕枚脟螕枚脟螕枚脟螕枚脟螕枚脟螕枚脟螕枚脟螕枚脟螕枚脟螕枚脟螕枚脟螕枚脟螕枚脟螕枚脟螕枚每

WARN OpenNext is not fully compatible with Windows.
WARN For optimal performance, it is recommended to use Windows Subsystem for Linux (WSL).
WARN While OpenNext may function on Windows, it could encounter unpredictable failures during runtime.
App directory: C:\Users\SAHARA\Desktop\Scroll-Work
Next.js version : 16.1.6
@opennextjs/cloudflare version: 1.17.1
@opennextjs/aws version: 3.9.16

螕枚卯螕枚脟螕枚脟螕枚脟螕枚脟螕枚脟螕枚脟螕枚脟螕枚脟螕枚脟螕枚脟螕枚脟螕枚脟螕枚脟螕枚脟螕枚脟螕枚脟螕枚脟螕枚脟螕枚脟螕枚脟螕枚脟螕枚脟螕枚脟螕枚脟螕枚脟螕枚脟螕枚脟螕枚脟螕枚脟螕枚脟螕枚脟螕枚脟螕枚脟螕枚脡
螕枚茅 OpenNext 螕脟枚 Building Next.js app 螕枚茅
螕枚枚螕枚脟螕枚脟螕枚脟螕枚脟螕枚脟螕枚脟螕枚脟螕枚脟螕枚脟螕枚脟螕枚脟螕枚脟螕枚脟螕枚脟螕枚脟螕枚脟螕枚脟螕枚脟螕枚脟螕枚脟螕枚脟螕枚脟螕枚脟螕枚脟螕枚脟螕枚脟螕枚脟螕枚脟螕枚脟螕枚脟螕枚脟螕枚脟螕枚脟螕枚每


> vmk-app@0.1.0 build
> opennextjs-cloudflare build


螕枚卯螕枚脟螕枚脟螕枚脟螕枚脟螕枚脟螕枚脟螕枚脟螕枚脟螕枚脟螕枚脟螕枚脟螕枚脟螕枚脟螕枚脟螕枚脟螕枚脟螕枚脟螕枚脟螕枚脟螕枚脟螕枚脟螕枚脟螕枚脟螕枚脟螕枚脟螕枚脟螕枚脟螕枚脟螕枚脟螕枚脡
螕枚茅 OpenNext 螕脟枚 Cloudflare build 螕枚茅
螕枚枚螕枚脟螕枚脟螕枚脟螕枚脟螕枚脟螕枚脟螕枚脟螕枚脟螕枚脟螕枚脟螕枚脟螕枚脟螕枚脟螕枚脟螕枚脟螕枚脟螕枚脟螕枚脟螕枚脟螕枚脟螕枚脟螕枚脟螕枚脟螕枚脟螕枚脟螕枚脟螕枚脟螕枚脟螕枚脟螕枚每

WARN OpenNext is not fully compatible with Windows.
WARN For optimal performance, it is recommended to use Windows Subsystem for Linux (WSL).
WARN While OpenNext may function on Windows, it could encounter unpredictable failures during runtime.
App directory: C:\Users\SAHARA\Desktop\Scroll-Work
Next.js version : 16.1.6
@opennextjs/cloudflare version: 1.17.1
@opennextjs/aws version: 3.9.16

螕枚卯螕枚脟螕枚脟螕枚脟螕枚脟螕枚脟螕枚脟螕枚脟螕枚脟螕枚脟螕枚脟螕枚脟螕枚脟螕枚脟螕枚脟螕枚脟螕枚脟螕枚脟螕枚脟螕枚脟螕枚脟螕枚脟螕枚脟螕枚脟螕枚脟螕枚脟螕枚脟螕枚脟螕枚脟螕枚脟螕枚脟螕枚脟螕枚脟螕枚脟螕枚脡
螕枚茅 OpenNext 螕脟枚 Building Next.js app 螕枚茅
螕枚枚螕枚脟螕枚脟螕枚脟螕枚脟螕枚脟螕枚脟螕枚脟螕枚脟螕枚脟螕枚脟螕枚脟螕枚脟螕枚脟螕枚脟螕枚脟螕枚脟螕枚脟螕枚脟螕枚脟螕枚脟螕枚脟螕枚脟螕枚脟螕枚脟螕枚脟螕枚脟螕枚脟螕枚脟螕枚脟螕枚脟螕枚脟螕枚脟螕枚脟螕枚每


> vmk-app@0.1.0 build
> opennextjs-cloudflare build


螕枚卯螕枚脟螕枚脟螕枚脟螕枚脟螕枚脟螕枚脟螕枚脟螕枚脟螕枚脟螕枚脟螕枚脟螕枚脟螕枚脟螕枚脟螕枚脟螕枚脟螕枚脟螕枚脟螕枚脟螕枚脟螕枚脟螕枚脟螕枚脟螕枚脟螕枚脟螕枚脟螕枚脟螕枚脟螕枚脟螕枚脡
螕枚茅 OpenNext 螕脟枚 Cloudflare build 螕枚茅
螕枚枚螕枚脟螕枚脟螕枚脟螕枚脟螕枚脟螕枚脟螕枚脟螕枚脟螕枚脟螕枚脟螕枚脟螕枚脟螕枚脟螕枚脟螕枚脟螕枚脟螕枚脟螕枚脟螕枚脟螕枚脟螕枚脟螕枚脟螕枚脟螕枚脟螕枚脟螕枚脟螕枚脟螕枚脟螕枚脟螕枚每

WARN OpenNext is not fully compatible with Windows.
WARN For optimal performance, it is recommended to use Windows Subsystem for Linux (WSL).
WARN While OpenNext may function on Windows, it could encounter unpredictable failures during runtime.
App directory: C:\Users\SAHARA\Desktop\Scroll-Work
Next.js version : 16.1.6
@opennextjs/cloudflare version: 1.17.1
@opennextjs/aws version: 3.9.16

螕枚卯螕枚脟螕枚脟螕枚脟螕枚脟螕枚脟螕枚脟螕枚脟螕枚脟螕枚脟螕枚脟螕枚脟螕枚脟螕枚脟螕枚脟螕枚脟螕枚脟螕枚脟螕枚脟螕枚脟螕枚脟螕枚脟螕枚脟螕枚脟螕枚脟螕枚脟螕枚脟螕枚脟螕枚脟螕枚脟螕枚脟螕枚脟螕枚脟螕枚脟螕枚脡
螕枚茅 OpenNext 螕脟枚 Building Next.js app 螕枚茅
螕枚枚螕枚脟螕枚脟螕枚脟螕枚脟螕枚脟螕枚脟螕枚脟螕枚脟螕枚脟螕枚脟螕枚脟螕枚脟螕枚脟螕枚脟螕枚脟螕枚脟螕枚脟螕枚脟螕枚脟螕枚脟螕枚脟螕枚脟螕枚脟螕枚脟螕枚脟螕枚脟螕枚脟螕枚脟螕枚脟螕枚脟螕枚脟螕枚脟螕枚脟螕枚每


> vmk-app@0.1.0 build
> opennextjs-cloudflare build


螕枚卯螕枚脟螕枚脟螕枚脟螕枚脟螕枚脟螕枚脟螕枚脟螕枚脟螕枚脟螕枚脟螕枚脟螕枚脟螕枚脟螕枚脟螕枚脟螕枚脟螕枚脟螕枚脟螕枚脟螕枚脟螕枚脟螕枚脟螕枚脟螕枚脟螕枚脟螕枚脟螕枚脟螕枚脟螕枚脟螕枚脡
螕枚茅 OpenNext 螕脟枚 Cloudflare build 螕枚茅
螕枚枚螕枚脟螕枚脟螕枚脟螕枚脟螕枚脟螕枚脟螕枚脟螕枚脟螕枚脟螕枚脟螕枚脟螕枚脟螕枚脟螕枚脟螕枚脟螕枚脟螕枚脟螕枚脟螕枚脟螕枚脟螕枚脟螕枚脟螕枚脟螕枚脟螕枚脟螕枚脟螕枚脟螕枚脟螕枚脟螕枚每

WARN OpenNext is not fully compatible with Windows.
WARN For optimal performance, it is recommended to use Windows Subsystem for Linux (WSL).
WARN While OpenNext may function on Windows, it could encounter unpredictable failures during runtime.
App directory: C:\Users\SAHARA\Desktop\Scroll-Work
Next.js version : 16.1.6
@opennextjs/cloudflare version: 1.17.1
@opennextjs/aws version: 3.9.16

螕枚卯螕枚脟螕枚脟螕枚脟螕枚脟螕枚脟螕枚脟螕枚脟螕枚脟螕枚脟螕枚脟螕枚脟螕枚脟螕枚脟螕枚脟螕枚脟螕枚脟螕枚脟螕枚脟螕枚脟螕枚脟螕枚脟螕枚脟螕枚脟螕枚脟螕枚脟螕枚脟螕枚脟螕枚脟螕枚脟螕枚脟螕枚脟螕枚脟螕枚脟螕枚脡
螕枚茅 OpenNext 螕脟枚 Building Next.js app 螕枚茅
螕枚枚螕枚脟螕枚脟螕枚脟螕枚脟螕枚脟螕枚脟螕枚脟螕枚脟螕枚脟螕枚脟螕枚脟螕枚脟螕枚脟螕枚脟螕枚脟螕枚脟螕枚脟螕枚脟螕枚脟螕枚脟螕枚脟螕枚脟螕枚脟螕枚脟螕枚脟螕枚脟螕枚脟螕枚脟螕枚脟螕枚脟螕枚脟螕枚脟螕枚脟螕枚每


> vmk-app@0.1.0 build
> opennextjs-cloudflare build


螕枚卯螕枚脟螕枚脟螕枚脟螕枚脟螕枚脟螕枚脟螕枚脟螕枚脟螕枚脟螕枚脟螕枚脟螕枚脟螕枚脟螕枚脟螕枚脟螕枚脟螕枚脟螕枚脟螕枚脟螕枚脟螕枚脟螕枚脟螕枚脟螕枚脟螕枚脟螕枚脟螕枚脟螕枚脟螕枚脟螕枚脡
螕枚茅 OpenNext 螕脟枚 Cloudflare build 螕枚茅
螕枚枚螕枚脟螕枚脟螕枚脟螕枚脟螕枚脟螕枚脟螕枚脟螕枚脟螕枚脟螕枚脟螕枚脟螕枚脟螕枚脟螕枚脟螕枚脟螕枚脟螕枚脟螕枚脟螕枚脟螕枚脟螕枚脟螕枚脟螕枚脟螕枚脟螕枚脟螕枚脟螕枚脟螕枚脟螕枚脟螕枚每

WARN OpenNext is not fully compatible with Windows.
WARN For optimal performance, it is recommended to use Windows Subsystem for Linux (WSL).
WARN While OpenNext may function on Windows, it could encounter unpredictable failures during runtime.
App directory: C:\Users\SAHARA\Desktop\Scroll-Work
Next.js version : 16.1.6
@opennextjs/cloudflare version: 1.17.1
@opennextjs/aws version: 3.9.16

螕枚卯螕枚脟螕枚脟螕枚脟螕枚脟螕枚脟螕枚脟螕枚脟螕枚脟螕枚脟螕枚脟螕枚脟螕枚脟螕枚脟螕枚脟螕枚脟螕枚脟螕枚脟螕枚脟螕枚脟螕枚脟螕枚脟螕枚脟螕枚脟螕枚脟螕枚脟螕枚脟螕枚脟螕枚脟螕枚脟螕枚脟螕枚脟螕枚脟螕枚脟螕枚脡
螕枚茅 OpenNext 螕脟枚 Building Next.js app 螕枚茅
螕枚枚螕枚脟螕枚脟螕枚脟螕枚脟螕枚脟螕枚脟螕枚脟螕枚脟螕枚脟螕枚脟螕枚脟螕枚脟螕枚脟螕枚脟螕枚脟螕枚脟螕枚脟螕枚脟螕枚脟螕枚脟螕枚脟螕枚脟螕枚脟螕枚脟螕枚脟螕枚脟螕枚脟螕枚脟螕枚脟螕枚脟螕枚脟螕枚脟螕枚脟螕枚每


> vmk-app@0.1.0 build
> opennextjs-cloudflare build


螕枚卯螕枚脟螕枚脟螕枚脟螕枚脟螕枚脟螕枚脟螕枚脟螕枚脟螕枚脟螕枚脟螕枚脟螕枚脟螕枚脟螕枚脟螕枚脟螕枚脟螕枚脟螕枚脟螕枚脟螕枚脟螕枚脟螕枚脟螕枚脟螕枚脟螕枚脟螕枚脟螕枚脟螕枚脟螕枚脟螕枚脡
螕枚茅 OpenNext 螕脟枚 Cloudflare build 螕枚茅
螕枚枚螕枚脟螕枚脟螕枚脟螕枚脟螕枚脟螕枚脟螕枚脟螕枚脟螕枚脟螕枚脟螕枚脟螕枚脟螕枚脟螕枚脟螕枚脟螕枚脟螕枚脟螕枚脟螕枚脟螕枚脟螕枚脟螕枚脟螕枚脟螕枚脟螕枚脟螕枚脟螕枚脟螕枚脟螕枚脟螕枚每

WARN OpenNext is not fully compatible with Windows.
WARN For optimal performance, it is recommended to use Windows Subsystem for Linux (WSL).
WARN While OpenNext may function on Windows, it could encounter unpredictable failures during runtime.
App directory: C:\Users\SAHARA\Desktop\Scroll-Work
Next.js version : 16.1.6
@opennextjs/cloudflare version: 1.17.1
@opennextjs/aws version: 3.9.16

螕枚卯螕枚脟螕枚脟螕枚脟螕枚脟螕枚脟螕枚脟螕枚脟螕枚脟螕枚脟螕枚脟螕枚脟螕枚脟螕枚脟螕枚脟螕枚脟螕枚脟螕枚脟螕枚脟螕枚脟螕枚脟螕枚脟螕枚脟螕枚脟螕枚脟螕枚脟螕枚脟螕枚脟螕枚脟螕枚脟螕枚脟螕枚脟螕枚脟螕枚脟螕枚脡
螕枚茅 OpenNext 螕脟枚 Building Next.js app 螕枚茅
螕枚枚螕枚脟螕枚脟螕枚脟螕枚脟螕枚脟螕枚脟螕枚脟螕枚脟螕枚脟螕枚脟螕枚脟螕枚脟螕枚脟螕枚脟螕枚脟螕枚脟螕枚脟螕枚脟螕枚脟螕枚脟螕枚脟螕枚脟螕枚脟螕枚脟螕枚脟螕枚脟螕枚脟螕枚脟螕枚脟螕枚脟螕枚脟螕枚脟螕枚脟螕枚每


> vmk-app@0.1.0 build
> opennextjs-cloudflare build


螕枚卯螕枚脟螕枚脟螕枚脟螕枚脟螕枚脟螕枚脟螕枚脟螕枚脟螕枚脟螕枚脟螕枚脟螕枚脟螕枚脟螕枚脟螕枚脟螕枚脟螕枚脟螕枚脟螕枚脟螕枚脟螕枚脟螕枚脟螕枚脟螕枚脟螕枚脟螕枚脟螕枚脟螕枚脟螕枚脟螕枚脡
螕枚茅 OpenNext 螕脟枚 Cloudflare build 螕枚茅
螕枚枚螕枚脟螕枚脟螕枚脟螕枚脟螕枚脟螕枚脟螕枚脟螕枚脟螕枚脟螕枚脟螕枚脟螕枚脟螕枚脟螕枚脟螕枚脟螕枚脟螕枚脟螕枚脟螕枚脟螕枚脟螕枚脟螕枚脟螕枚脟螕枚脟螕枚脟螕枚脟螕枚脟螕枚脟螕枚脟螕枚每

WARN OpenNext is not fully compatible with Windows.
WARN For optimal performance, it is recommended to use Windows Subsystem for Linux (WSL).
WARN While OpenNext may function on Windows, it could encounter unpredictable failures during runtime.
App directory: C:\Users\SAHARA\Desktop\Scroll-Work
Next.js version : 16.1.6
@opennextjs/cloudflare version: 1.17.1
@opennextjs/aws version: 3.9.16

螕枚卯螕枚脟螕枚脟螕枚脟螕枚脟螕枚脟螕枚脟螕枚脟螕枚脟螕枚脟螕枚脟螕枚脟螕枚脟螕枚脟螕枚脟螕枚脟螕枚脟螕枚脟螕枚脟螕枚脟螕枚脟螕枚脟螕枚脟螕枚脟螕枚脟螕枚脟螕枚脟螕枚脟螕枚脟螕枚脟螕枚脟螕枚脟螕枚脟螕枚脟螕枚脡
螕枚茅 OpenNext 螕脟枚 Building Next.js app 螕枚茅
螕枚枚螕枚脟螕枚脟螕枚脟螕枚脟螕枚脟螕枚脟螕枚脟螕枚脟螕枚脟螕枚脟螕枚脟螕枚脟螕枚脟螕枚脟螕枚脟螕枚脟螕枚脟螕枚脟螕枚脟螕枚脟螕枚脟螕枚脟螕枚脟螕枚脟螕枚脟螕枚脟螕枚脟螕枚脟螕枚脟螕枚脟螕枚脟螕枚脟螕枚脟螕枚每


> vmk-app@0.1.0 build
> opennextjs-cloudflare build


螕枚卯螕枚脟螕枚脟螕枚脟螕枚脟螕枚脟螕枚脟螕枚脟螕枚脟螕枚脟螕枚脟螕枚脟螕枚脟螕枚脟螕枚脟螕枚脟螕枚脟螕枚脟螕枚脟螕枚脟螕枚脟螕枚脟螕枚脟螕枚脟螕枚脟螕枚脟螕枚脟螕枚脟螕枚脟螕枚脟螕枚脡
螕枚茅 OpenNext 螕脟枚 Cloudflare build 螕枚茅
螕枚枚螕枚脟螕枚脟螕枚脟螕枚脟螕枚脟螕枚脟螕枚脟螕枚脟螕枚脟螕枚脟螕枚脟螕枚脟螕枚脟螕枚脟螕枚脟螕枚脟螕枚脟螕枚脟螕枚脟螕枚脟螕枚脟螕枚脟螕枚脟螕枚脟螕枚脟螕枚脟螕枚脟螕枚脟螕枚脟螕枚每

WARN OpenNext is not fully compatible with Windows.
WARN For optimal performance, it is recommended to use Windows Subsystem for Linux (WSL).
WARN While OpenNext may function on Windows, it could encounter unpredictable failures during runtime.
App directory: C:\Users\SAHARA\Desktop\Scroll-Work
Next.js version : 16.1.6
@opennextjs/cloudflare version: 1.17.1
@opennextjs/aws version: 3.9.16

螕枚卯螕枚脟螕枚脟螕枚脟螕枚脟螕枚脟螕枚脟螕枚脟螕枚脟螕枚脟螕枚脟螕枚脟螕枚脟螕枚脟螕枚脟螕枚脟螕枚脟螕枚脟螕枚脟螕枚脟螕枚脟螕枚脟螕枚脟螕枚脟螕枚脟螕枚脟螕枚脟螕枚脟螕枚脟螕枚脟螕枚脟螕枚脟螕枚脟螕枚脟螕枚脡
螕枚茅 OpenNext 螕脟枚 Building Next.js app 螕枚茅
螕枚枚螕枚脟螕枚脟螕枚脟螕枚脟螕枚脟螕枚脟螕枚脟螕枚脟螕枚脟螕枚脟螕枚脟螕枚脟螕枚脟螕枚脟螕枚脟螕枚脟螕枚脟螕枚脟螕枚脟螕枚脟螕枚脟螕枚脟螕枚脟螕枚脟螕枚脟螕枚脟螕枚脟螕枚脟螕枚脟螕枚脟螕枚脟螕枚脟螕枚脟螕枚每


> vmk-app@0.1.0 build
> opennextjs-cloudflare build


螕枚卯螕枚脟螕枚脟螕枚脟螕枚脟螕枚脟螕枚脟螕枚脟螕枚脟螕枚脟螕枚脟螕枚脟螕枚脟螕枚脟螕枚脟螕枚脟螕枚脟螕枚脟螕枚脟螕枚脟螕枚脟螕枚脟螕枚脟螕枚脟螕枚脟螕枚脟螕枚脟螕枚脟螕枚脟螕枚脟螕枚脡
螕枚茅 OpenNext 螕脟枚 Cloudflare build 螕枚茅
螕枚枚螕枚脟螕枚脟螕枚脟螕枚脟螕枚脟螕枚脟螕枚脟螕枚脟螕枚脟螕枚脟螕枚脟螕枚脟螕枚脟螕枚脟螕枚脟螕枚脟螕枚脟螕枚脟螕枚脟螕枚脟螕枚脟螕枚脟螕枚脟螕枚脟螕枚脟螕枚脟螕枚脟螕枚脟螕枚脟螕枚每

WARN OpenNext is not fully compatible with Windows.
WARN For optimal performance, it is recommended to use Windows Subsystem for Linux (WSL).
WARN While OpenNext may function on Windows, it could encounter unpredictable failures during runtime.
App directory: C:\Users\SAHARA\Desktop\Scroll-Work
Next.js version : 16.1.6
@opennextjs/cloudflare version: 1.17.1
@opennextjs/aws version: 3.9.16

螕枚卯螕枚脟螕枚脟螕枚脟螕枚脟螕枚脟螕枚脟螕枚脟螕枚脟螕枚脟螕枚脟螕枚脟螕枚脟螕枚脟螕枚脟螕枚脟螕枚脟螕枚脟螕枚脟螕枚脟螕枚脟螕枚脟螕枚脟螕枚脟螕枚脟螕枚脟螕枚脟螕枚脟螕枚脟螕枚脟螕枚脟螕枚脟螕枚脟螕枚脟螕枚脡
螕枚茅 OpenNext 螕脟枚 Building Next.js app 螕枚茅
螕枚枚螕枚脟螕枚脟螕枚脟螕枚脟螕枚脟螕枚脟螕枚脟螕枚脟螕枚脟螕枚脟螕枚脟螕枚脟螕枚脟螕枚脟螕枚脟螕枚脟螕枚脟螕枚脟螕枚脟螕枚脟螕枚脟螕枚脟螕枚脟螕枚脟螕枚脟螕枚脟螕枚脟螕枚脟螕枚脟螕枚脟螕枚脟螕枚脟螕枚脟螕枚每


> vmk-app@0.1.0 build
> opennextjs-cloudflare build


螕枚卯螕枚脟螕枚脟螕枚脟螕枚脟螕枚脟螕枚脟螕枚脟螕枚脟螕枚脟螕枚脟螕枚脟螕枚脟螕枚脟螕枚脟螕枚脟螕枚脟螕枚脟螕枚脟螕枚脟螕枚脟螕枚脟螕枚脟螕枚脟螕枚脟螕枚脟螕枚脟螕枚脟螕枚脟螕枚脟螕枚脡
螕枚茅 OpenNext 螕脟枚 Cloudflare build 螕枚茅
螕枚枚螕枚脟螕枚脟螕枚脟螕枚脟螕枚脟螕枚脟螕枚脟螕枚脟螕枚脟螕枚脟螕枚脟螕枚脟螕枚脟螕枚脟螕枚脟螕枚脟螕枚脟螕枚脟螕枚脟螕枚脟螕枚脟螕枚脟螕枚脟螕枚脟螕枚脟螕枚脟螕枚脟螕枚脟螕枚脟螕枚每

WARN OpenNext is not fully compatible with Windows.
WARN For optimal performance, it is recommended to use Windows Subsystem for Linux (WSL).
WARN While OpenNext may function on Windows, it could encounter unpredictable failures during runtime.
App directory: C:\Users\SAHARA\Desktop\Scroll-Work
Next.js version : 16.1.6
@opennextjs/cloudflare version: 1.17.1
@opennextjs/aws version: 3.9.16

螕枚卯螕枚脟螕枚脟螕枚脟螕枚脟螕枚脟螕枚脟螕枚脟螕枚脟螕枚脟螕枚脟螕枚脟螕枚脟螕枚脟螕枚脟螕枚脟螕枚脟螕枚脟螕枚脟螕枚脟螕枚脟螕枚脟螕枚脟螕枚脟螕枚脟螕枚脟螕枚脟螕枚脟螕枚脟螕枚脟螕枚脟螕枚脟螕枚脟螕枚脟螕枚脡
螕枚茅 OpenNext 螕脟枚 Building Next.js app 螕枚茅
螕枚枚螕枚脟螕枚脟螕枚脟螕枚脟螕枚脟螕枚脟螕枚脟螕枚脟螕枚脟螕枚脟螕枚脟螕枚脟螕枚脟螕枚脟螕枚脟螕枚脟螕枚脟螕枚脟螕枚脟螕枚脟螕枚脟螕枚脟螕枚脟螕枚脟螕枚脟螕枚脟螕枚脟螕枚脟螕枚脟螕枚脟螕枚脟螕枚脟螕枚脟螕枚每


> vmk-app@0.1.0 build
> opennextjs-cloudflare build


螕枚卯螕枚脟螕枚脟螕枚脟螕枚脟螕枚脟螕枚脟螕枚脟螕枚脟螕枚脟螕枚脟螕枚脟螕枚脟螕枚脟螕枚脟螕枚脟螕枚脟螕枚脟螕枚脟螕枚脟螕枚脟螕枚脟螕枚脟螕枚脟螕枚脟螕枚脟螕枚脟螕枚脟螕枚脟螕枚脟螕枚脡
螕枚茅 OpenNext 螕脟枚 Cloudflare build 螕枚茅
螕枚枚螕枚脟螕枚脟螕枚脟螕枚脟螕枚脟螕枚脟螕枚脟螕枚脟螕枚脟螕枚脟螕枚脟螕枚脟螕枚脟螕枚脟螕枚脟螕枚脟螕枚脟螕枚脟螕枚脟螕枚脟螕枚脟螕枚脟螕枚脟螕枚脟螕枚脟螕枚脟螕枚脟螕枚脟螕枚脟螕枚每

WARN OpenNext is not fully compatible with Windows.
WARN For optimal performance, it is recommended to use Windows Subsystem for Linux (WSL).
WARN While OpenNext may function on Windows, it could encounter unpredictable failures during runtime.
App directory: C:\Users\SAHARA\Desktop\Scroll-Work
Next.js version : 16.1.6
@opennextjs/cloudflare version: 1.17.1
@opennextjs/aws version: 3.9.16

螕枚卯螕枚脟螕枚脟螕枚脟螕枚脟螕枚脟螕枚脟螕枚脟螕枚脟螕枚脟螕枚脟螕枚脟螕枚脟螕枚脟螕枚脟螕枚脟螕枚脟螕枚脟螕枚脟螕枚脟螕枚脟螕枚脟螕枚脟螕枚脟螕枚脟螕枚脟螕枚脟螕枚脟螕枚脟螕枚脟螕枚脟螕枚脟螕枚脟螕枚脟螕枚脡
螕枚茅 OpenNext 螕脟枚 Building Next.js app 螕枚茅
螕枚枚螕枚脟螕枚脟螕枚脟螕枚脟螕枚脟螕枚脟螕枚脟螕枚脟螕枚脟螕枚脟螕枚脟螕枚脟螕枚脟螕枚脟螕枚脟螕枚脟螕枚脟螕枚脟螕枚脟螕枚脟螕枚脟螕枚脟螕枚脟螕枚脟螕枚脟螕枚脟螕枚脟螕枚脟螕枚脟螕枚脟螕枚脟螕枚脟螕枚脟螕枚每


> vmk-app@0.1.0 build
> opennextjs-cloudflare build


螕枚卯螕枚脟螕枚脟螕枚脟螕枚脟螕枚脟螕枚脟螕枚脟螕枚脟螕枚脟螕枚脟螕枚脟螕枚脟螕枚脟螕枚脟螕枚脟螕枚脟螕枚脟螕枚脟螕枚脟螕枚脟螕枚脟螕枚脟螕枚脟螕枚脟螕枚脟螕枚脟螕枚脟螕枚脟螕枚脟螕枚脡
螕枚茅 OpenNext 螕脟枚 Cloudflare build 螕枚茅
螕枚枚螕枚脟螕枚脟螕枚脟螕枚脟螕枚脟螕枚脟螕枚脟螕枚脟螕枚脟螕枚脟螕枚脟螕枚脟螕枚脟螕枚脟螕枚脟螕枚脟螕枚脟螕枚脟螕枚脟螕枚脟螕枚脟螕枚脟螕枚脟螕枚脟螕枚脟螕枚脟螕枚脟螕枚脟螕枚脟螕枚每

WARN OpenNext is not fully compatible with Windows.
WARN For optimal performance, it is recommended to use Windows Subsystem for Linux (WSL).
WARN While OpenNext may function on Windows, it could encounter unpredictable failures during runtime.
App directory: C:\Users\SAHARA\Desktop\Scroll-Work
Next.js version : 16.1.6
@opennextjs/cloudflare version: 1.17.1
@opennextjs/aws version: 3.9.16

螕枚卯螕枚脟螕枚脟螕枚脟螕枚脟螕枚脟螕枚脟螕枚脟螕枚脟螕枚脟螕枚脟螕枚脟螕枚脟螕枚脟螕枚脟螕枚脟螕枚脟螕枚脟螕枚脟螕枚脟螕枚脟螕枚脟螕枚脟螕枚脟螕枚脟螕枚脟螕枚脟螕枚脟螕枚脟螕枚脟螕枚脟螕枚脟螕枚脟螕枚脟螕枚脡
螕枚茅 OpenNext 螕脟枚 Building Next.js app 螕枚茅
螕枚枚螕枚脟螕枚脟螕枚脟螕枚脟螕枚脟螕枚脟螕枚脟螕枚脟螕枚脟螕枚脟螕枚脟螕枚脟螕枚脟螕枚脟螕枚脟螕枚脟螕枚脟螕枚脟螕枚脟螕枚脟螕枚脟螕枚脟螕枚脟螕枚脟螕枚脟螕枚脟螕枚脟螕枚脟螕枚脟螕枚脟螕枚脟螕枚脟螕枚脟螕枚每


> vmk-app@0.1.0 build
> opennextjs-cloudflare build


螕枚卯螕枚脟螕枚脟螕枚脟螕枚脟螕枚脟螕枚脟螕枚脟螕枚脟螕枚脟螕枚脟螕枚脟螕枚脟螕枚脟螕枚脟螕枚脟螕枚脟螕枚脟螕枚脟螕枚脟螕枚脟螕枚脟螕枚脟螕枚脟螕枚脟螕枚脟螕枚脟螕枚脟螕枚脟螕枚脟螕枚脡
螕枚茅 OpenNext 螕脟枚 Cloudflare build 螕枚茅
螕枚枚螕枚脟螕枚脟螕枚脟螕枚脟螕枚脟螕枚脟螕枚脟螕枚脟螕枚脟螕枚脟螕枚脟螕枚脟螕枚脟螕枚脟螕枚脟螕枚脟螕枚脟螕枚脟螕枚脟螕枚脟螕枚脟螕枚脟螕枚脟螕枚脟螕枚脟螕枚脟螕枚脟螕枚脟螕枚脟螕枚每

WARN OpenNext is not fully compatible with Windows.
WARN For optimal performance, it is recommended to use Windows Subsystem for Linux (WSL).
WARN While OpenNext may function on Windows, it could encounter unpredictable failures during runtime.
App directory: C:\Users\SAHARA\Desktop\Scroll-Work
Next.js version : 16.1.6
@opennextjs/cloudflare version: 1.17.1
@opennextjs/aws version: 3.9.16

螕枚卯螕枚脟螕枚脟螕枚脟螕枚脟螕枚脟螕枚脟螕枚脟螕枚脟螕枚脟螕枚脟螕枚脟螕枚脟螕枚脟螕枚脟螕枚脟螕枚脟螕枚脟螕枚脟螕枚脟螕枚脟螕枚脟螕枚脟螕枚脟螕枚脟螕枚脟螕枚脟螕枚脟螕枚脟螕枚脟螕枚脟螕枚脟螕枚脟螕枚脟螕枚脡
螕枚茅 OpenNext 螕脟枚 Building Next.js app 螕枚茅
螕枚枚螕枚脟螕枚脟螕枚脟螕枚脟螕枚脟螕枚脟螕枚脟螕枚脟螕枚脟螕枚脟螕枚脟螕枚脟螕枚脟螕枚脟螕枚脟螕枚脟螕枚脟螕枚脟螕枚脟螕枚脟螕枚脟螕枚脟螕枚脟螕枚脟螕枚脟螕枚脟螕枚脟螕枚脟螕枚脟螕枚脟螕枚脟螕枚脟螕枚脟螕枚每


> vmk-app@0.1.0 build
> opennextjs-cloudflare build


螕枚卯螕枚脟螕枚脟螕枚脟螕枚脟螕枚脟螕枚脟螕枚脟螕枚脟螕枚脟螕枚脟螕枚脟螕枚脟螕枚脟螕枚脟螕枚脟螕枚脟螕枚脟螕枚脟螕枚脟螕枚脟螕枚脟螕枚脟螕枚脟螕枚脟螕枚脟螕枚脟螕枚脟螕枚脟螕枚脟螕枚脡
螕枚茅 OpenNext 螕脟枚 Cloudflare build 螕枚茅
螕枚枚螕枚脟螕枚脟螕枚脟螕枚脟螕枚脟螕枚脟螕枚脟螕枚脟螕枚脟螕枚脟螕枚脟螕枚脟螕枚脟螕枚脟螕枚脟螕枚脟螕枚脟螕枚脟螕枚脟螕枚脟螕枚脟螕枚脟螕枚脟螕枚脟螕枚脟螕枚脟螕枚脟螕枚脟螕枚脟螕枚每

WARN OpenNext is not fully compatible with Windows.
WARN For optimal performance, it is recommended to use Windows Subsystem for Linux (WSL).
WARN While OpenNext may function on Windows, it could encounter unpredictable failures during runtime.
App directory: C:\Users\SAHARA\Desktop\Scroll-Work
Next.js version : 16.1.6
@opennextjs/cloudflare version: 1.17.1
@opennextjs/aws version: 3.9.16

螕枚卯螕枚脟螕枚脟螕枚脟螕枚脟螕枚脟螕枚脟螕枚脟螕枚脟螕枚脟螕枚脟螕枚脟螕枚脟螕枚脟螕枚脟螕枚脟螕枚脟螕枚脟螕枚脟螕枚脟螕枚脟螕枚脟螕枚脟螕枚脟螕枚脟螕枚脟螕枚脟螕枚脟螕枚脟螕枚脟螕枚脟螕枚脟螕枚脟螕枚脟螕枚脡
螕枚茅 OpenNext 螕脟枚 Building Next.js app 螕枚茅
螕枚枚螕枚脟螕枚脟螕枚脟螕枚脟螕枚脟螕枚脟螕枚脟螕枚脟螕枚脟螕枚脟螕枚脟螕枚脟螕枚脟螕枚脟螕枚脟螕枚脟螕枚脟螕枚脟螕枚脟螕枚脟螕枚脟螕枚脟螕枚脟螕枚脟螕枚脟螕枚脟螕枚脟螕枚脟螕枚脟螕枚脟螕枚脟螕枚脟螕枚脟螕枚每


> vmk-app@0.1.0 build
> opennextjs-cloudflare build


螕枚卯螕枚脟螕枚脟螕枚脟螕枚脟螕枚脟螕枚脟螕枚脟螕枚脟螕枚脟螕枚脟螕枚脟螕枚脟螕枚脟螕枚脟螕枚脟螕枚脟螕枚脟螕枚脟螕枚脟螕枚脟螕枚脟螕枚脟螕枚脟螕枚脟螕枚脟螕枚脟螕枚脟螕枚脟螕枚脟螕枚脡
螕枚茅 OpenNext 螕脟枚 Cloudflare build 螕枚茅
螕枚枚螕枚脟螕枚脟螕枚脟螕枚脟螕枚脟螕枚脟螕枚脟螕枚脟螕枚脟螕枚脟螕枚脟螕枚脟螕枚脟螕枚脟螕枚脟螕枚脟螕枚脟螕枚脟螕枚脟螕枚脟螕枚脟螕枚脟螕枚脟螕枚脟螕枚脟螕枚脟螕枚脟螕枚脟螕枚脟螕枚每

WARN OpenNext is not fully compatible with Windows.
WARN For optimal performance, it is recommended to use Windows Subsystem for Linux (WSL).
WARN While OpenNext may function on Windows, it could encounter unpredictable failures during runtime.
App directory: C:\Users\SAHARA\Desktop\Scroll-Work
Next.js version : 16.1.6
@opennextjs/cloudflare version: 1.17.1
@opennextjs/aws version: 3.9.16

螕枚卯螕枚脟螕枚脟螕枚脟螕枚脟螕枚脟螕枚脟螕枚脟螕枚脟螕枚脟螕枚脟螕枚脟螕枚脟螕枚脟螕枚脟螕枚脟螕枚脟螕枚脟螕枚脟螕枚脟螕枚脟螕枚脟螕枚脟螕枚脟螕枚脟螕枚脟螕枚脟螕枚脟螕枚脟螕枚脟螕枚脟螕枚脟螕枚脟螕枚脟螕枚脡
螕枚茅 OpenNext 螕脟枚 Building Next.js app 螕枚茅
螕枚枚螕枚脟螕枚脟螕枚脟螕枚脟螕枚脟螕枚脟螕枚脟螕枚脟螕枚脟螕枚脟螕枚脟螕枚脟螕枚脟螕枚脟螕枚脟螕枚脟螕枚脟螕枚脟螕枚脟螕枚脟螕枚脟螕枚脟螕枚脟螕枚脟螕枚脟螕枚脟螕枚脟螕枚脟螕枚脟螕枚脟螕枚脟螕枚脟螕枚脟螕枚每


> vmk-app@0.1.0 build
> opennextjs-cloudflare build


螕枚卯螕枚脟螕枚脟螕枚脟螕枚脟螕枚脟螕枚脟螕枚脟螕枚脟螕枚脟螕枚脟螕枚脟螕枚脟螕枚脟螕枚脟螕枚脟螕枚脟螕枚脟螕枚脟螕枚脟螕枚脟螕枚脟螕枚脟螕枚脟螕枚脟螕枚脟螕枚脟螕枚脟螕枚脟螕枚脟螕枚脡
螕枚茅 OpenNext 螕脟枚 Cloudflare build 螕枚茅
螕枚枚螕枚脟螕枚脟螕枚脟螕枚脟螕枚脟螕枚脟螕枚脟螕枚脟螕枚脟螕枚脟螕枚脟螕枚脟螕枚脟螕枚脟螕枚脟螕枚脟螕枚脟螕枚脟螕枚脟螕枚脟螕枚脟螕枚脟螕枚脟螕枚脟螕枚脟螕枚脟螕枚脟螕枚脟螕枚脟螕枚每

WARN OpenNext is not fully compatible with Windows.
WARN For optimal performance, it is recommended to use Windows Subsystem for Linux (WSL).
WARN While OpenNext may function on Windows, it could encounter unpredictable failures during runtime.
App directory: C:\Users\SAHARA\Desktop\Scroll-Work
Next.js version : 16.1.6
@opennextjs/cloudflare version: 1.17.1
@opennextjs/aws version: 3.9.16

螕枚卯螕枚脟螕枚脟螕枚脟螕枚脟螕枚脟螕枚脟螕枚脟螕枚脟螕枚脟螕枚脟螕枚脟螕枚脟螕枚脟螕枚脟螕枚脟螕枚脟螕枚脟螕枚脟螕枚脟螕枚脟螕枚脟螕枚脟螕枚脟螕枚脟螕枚脟螕枚脟螕枚脟螕枚脟螕枚脟螕枚脟螕枚脟螕枚脟螕枚脟螕枚脡
螕枚茅 OpenNext 螕脟枚 Building Next.js app 螕枚茅
螕枚枚螕枚脟螕枚脟螕枚脟螕枚脟螕枚脟螕枚脟螕枚脟螕枚脟螕枚脟螕枚脟螕枚脟螕枚脟螕枚脟螕枚脟螕枚脟螕枚脟螕枚脟螕枚脟螕枚脟螕枚脟螕枚脟螕枚脟螕枚脟螕枚脟螕枚脟螕枚脟螕枚脟螕枚脟螕枚脟螕枚脟螕枚脟螕枚脟螕枚脟螕枚每


> vmk-app@0.1.0 build
> opennextjs-cloudflare build


螕枚卯螕枚脟螕枚脟螕枚脟螕枚脟螕枚脟螕枚脟螕枚脟螕枚脟螕枚脟螕枚脟螕枚脟螕枚脟螕枚脟螕枚脟螕枚脟螕枚脟螕枚脟螕枚脟螕枚脟螕枚脟螕枚脟螕枚脟螕枚脟螕枚脟螕枚脟螕枚脟螕枚脟螕枚脟螕枚脟螕枚脡
螕枚茅 OpenNext 螕脟枚 Cloudflare build 螕枚茅
螕枚枚螕枚脟螕枚脟螕枚脟螕枚脟螕枚脟螕枚脟螕枚脟螕枚脟螕枚脟螕枚脟螕枚脟螕枚脟螕枚脟螕枚脟螕枚脟螕枚脟螕枚脟螕枚脟螕枚脟螕枚脟螕枚脟螕枚脟螕枚脟螕枚脟螕枚脟螕枚脟螕枚脟螕枚脟螕枚脟螕枚每

WARN OpenNext is not fully compatible with Windows.
WARN For optimal performance, it is recommended to use Windows Subsystem for Linux (WSL).
WARN While OpenNext may function on Windows, it could encounter unpredictable failures during runtime.
App directory: C:\Users\SAHARA\Desktop\Scroll-Work
Next.js version : 16.1.6
@opennextjs/cloudflare version: 1.17.1
@opennextjs/aws version: 3.9.16

螕枚卯螕枚脟螕枚脟螕枚脟螕枚脟螕枚脟螕枚脟螕枚脟螕枚脟螕枚脟螕枚脟螕枚脟螕枚脟螕枚脟螕枚脟螕枚脟螕枚脟螕枚脟螕枚脟螕枚脟螕枚脟螕枚脟螕枚脟螕枚脟螕枚脟螕枚脟螕枚脟螕枚脟螕枚脟螕枚脟螕枚脟螕枚脟螕枚脟螕枚脟螕枚脡
螕枚茅 OpenNext 螕脟枚 Building Next.js app 螕枚茅
螕枚枚螕枚脟螕枚脟螕枚脟螕枚脟螕枚脟螕枚脟螕枚脟螕枚脟螕枚脟螕枚脟螕枚脟螕枚脟螕枚脟螕枚脟螕枚脟螕枚脟螕枚脟螕枚脟螕枚脟螕枚脟螕枚脟螕枚脟螕枚脟螕枚脟螕枚脟螕枚脟螕枚脟螕枚脟螕枚脟螕枚脟螕枚脟螕枚脟螕枚脟螕枚每


> vmk-app@0.1.0 build
> opennextjs-cloudflare build

'opennextjs-cloudflare' is not recognized as an internal or external command,
operable program or batch file.
node:internal/errors:985
  const err = new Error(message);
              ^

Error: Command failed: npm run build
    at genericNodeError (node:internal/errors:985:15)
    at wrappedFn (node:internal/errors:539:14)
    at checkExecSyncError (node:child_process:925:11)
    at Object.execSync (node:child_process:997:15)
    at buildNextjsApp (file:///C:/Users/SAHARA/Desktop/Scroll-Work/node_modules/@opennextjs/aws/dist/build/buildNextApp.js:15:8)
    at build (file:///C:/Users/SAHARA/Desktop/Scroll-Work/node_modules/@opennextjs/cloudflare/dist/cli/build/build.js:50:9)
    at async buildCommand (file:///C:/Users/SAHARA/Desktop/Scroll-Work/node_modules/@opennextjs/cloudflare/dist/cli/commands/build.js:33:5) {
  status: 1,
  signal: null,
  output: [ null, null, null ],
  pid: 23256,
  stdout: null,
  stderr: null
}

Node.js v24.11.0
node:internal/errors:985
  const err = new Error(message);
              ^

Error: Command failed: npm run build
    at genericNodeError (node:internal/errors:985:15)
    at wrappedFn (node:internal/errors:539:14)
    at checkExecSyncError (node:child_process:925:11)
    at Object.execSync (node:child_process:997:15)
    at buildNextjsApp (file:///C:/Users/SAHARA/Desktop/Scroll-Work/node_modules/@opennextjs/aws/dist/build/buildNextApp.js:15:8)
    at build (file:///C:/Users/SAHARA/Desktop/Scroll-Work/node_modules/@opennextjs/cloudflare/dist/cli/build/build.js:50:9)
    at async buildCommand (file:///C:/Users/SAHARA/Desktop/Scroll-Work/node_modules/@opennextjs/cloudflare/dist/cli/commands/build.js:33:5) {
  status: 1,
  signal: null,
  output: [ null, null, null ],
  pid: 3668,
  stdout: null,
  stderr: null
}

Node.js v24.11.0
node:internal/errors:985
  const err = new Error(message);
              ^

Error: Command failed: npm run build
    at genericNodeError (node:internal/errors:985:15)
    at wrappedFn (node:internal/errors:539:14)
    at checkExecSyncError (node:child_process:925:11)
    at Object.execSync (node:child_process:997:15)
    at buildNextjsApp (file:///C:/Users/SAHARA/Desktop/Scroll-Work/node_modules/@opennextjs/aws/dist/build/buildNextApp.js:15:8)
    at build (file:///C:/Users/SAHARA/Desktop/Scroll-Work/node_modules/@opennextjs/cloudflare/dist/cli/build/build.js:50:9)
    at async buildCommand (file:///C:/Users/SAHARA/Desktop/Scroll-Work/node_modules/@opennextjs/cloudflare/dist/cli/commands/build.js:33:5) {
  status: 1,
  signal: null,
  output: [ null, null, null ],
  pid: 34996,
  stdout: null,
  stderr: null
}

Node.js v24.11.0
node:internal/errors:985
  const err = new Error(message);
              ^

Error: Command failed: npm run build
    at genericNodeError (node:internal/errors:985:15)
    at wrappedFn (node:internal/errors:539:14)
    at checkExecSyncError (node:child_process:925:11)
    at Object.execSync (node:child_process:997:15)
    at buildNextjsApp (file:///C:/Users/SAHARA/Desktop/Scroll-Work/node_modules/@opennextjs/aws/dist/build/buildNextApp.js:15:8)
    at build (file:///C:/Users/SAHARA/Desktop/Scroll-Work/node_modules/@opennextjs/cloudflare/dist/cli/build/build.js:50:9)
    at async buildCommand (file:///C:/Users/SAHARA/Desktop/Scroll-Work/node_modules/@opennextjs/cloudflare/dist/cli/commands/build.js:33:5) {
  status: 1,
  signal: null,
  output: [ null, null, null ],
  pid: 9916,
  stdout: null,
  stderr: null
}

Node.js v24.11.0
node:internal/errors:985
  const err = new Error(message);
              ^

Error: Command failed: npm run build
    at genericNodeError (node:internal/errors:985:15)
    at wrappedFn (node:internal/errors:539:14)
    at checkExecSyncError (node:child_process:925:11)
    at Object.execSync (node:child_process:997:15)
    at buildNextjsApp (file:///C:/Users/SAHARA/Desktop/Scroll-Work/node_modules/@opennextjs/aws/dist/build/buildNextApp.js:15:8)
    at build (file:///C:/Users/SAHARA/Desktop/Scroll-Work/node_modules/@opennextjs/cloudflare/dist/cli/build/build.js:50:9)
    at async buildCommand (file:///C:/Users/SAHARA/Desktop/Scroll-Work/node_modules/@opennextjs/cloudflare/dist/cli/commands/build.js:33:5) {
  status: 1,
  signal: null,
  output: [ null, null, null ],
  pid: 18828,
  stdout: null,
  stderr: null
}

Node.js v24.11.0
node:internal/errors:985
  const err = new Error(message);
              ^

Error: Command failed: npm run build
    at genericNodeError (node:internal/errors:985:15)
    at wrappedFn (node:internal/errors:539:14)
    at checkExecSyncError (node:child_process:925:11)
    at Object.execSync (node:child_process:997:15)
    at buildNextjsApp (file:///C:/Users/SAHARA/Desktop/Scroll-Work/node_modules/@opennextjs/aws/dist/build/buildNextApp.js:15:8)
    at build (file:///C:/Users/SAHARA/Desktop/Scroll-Work/node_modules/@opennextjs/cloudflare/dist/cli/build/build.js:50:9)
    at async buildCommand (file:///C:/Users/SAHARA/Desktop/Scroll-Work/node_modules/@opennextjs/cloudflare/dist/cli/commands/build.js:33:5) {
  status: 1,
  signal: null,
  output: [ null, null, null ],
  pid: 35348,
  stdout: null,
  stderr: null
}

Node.js v24.11.0
node:internal/errors:985
  const err = new Error(message);
              ^

Error: Command failed: npm run build
    at genericNodeError (node:internal/errors:985:15)
    at wrappedFn (node:internal/errors:539:14)
    at checkExecSyncError (node:child_process:925:11)
    at Object.execSync (node:child_process:997:15)
    at buildNextjsApp (file:///C:/Users/SAHARA/Desktop/Scroll-Work/node_modules/@opennextjs/aws/dist/build/buildNextApp.js:15:8)
    at build (file:///C:/Users/SAHARA/Desktop/Scroll-Work/node_modules/@opennextjs/cloudflare/dist/cli/build/build.js:50:9)
    at async buildCommand (file:///C:/Users/SAHARA/Desktop/Scroll-Work/node_modules/@opennextjs/cloudflare/dist/cli/commands/build.js:33:5) {
  status: 1,
  signal: null,
  output: [ null, null, null ],
  pid: 24172,
  stdout: null,
  stderr: null
}

Node.js v24.11.0
node:internal/errors:985
  const err = new Error(message);
              ^

Error: Command failed: npm run build
    at genericNodeError (node:internal/errors:985:15)
    at wrappedFn (node:internal/errors:539:14)
    at checkExecSyncError (node:child_process:925:11)
    at Object.execSync (node:child_process:997:15)
    at buildNextjsApp (file:///C:/Users/SAHARA/Desktop/Scroll-Work/node_modules/@opennextjs/aws/dist/build/buildNextApp.js:15:8)
    at build (file:///C:/Users/SAHARA/Desktop/Scroll-Work/node_modules/@opennextjs/cloudflare/dist/cli/build/build.js:50:9)
    at async buildCommand (file:///C:/Users/SAHARA/Desktop/Scroll-Work/node_modules/@opennextjs/cloudflare/dist/cli/commands/build.js:33:5) {
  status: 1,
  signal: null,
  output: [ null, null, null ],
  pid: 18708,
  stdout: null,
  stderr: null
}

Node.js v24.11.0
node:internal/errors:985
  const err = new Error(message);
              ^

Error: Command failed: npm run build
    at genericNodeError (node:internal/errors:985:15)
    at wrappedFn (node:internal/errors:539:14)
    at checkExecSyncError (node:child_process:925:11)
    at Object.execSync (node:child_process:997:15)
    at buildNextjsApp (file:///C:/Users/SAHARA/Desktop/Scroll-Work/node_modules/@opennextjs/aws/dist/build/buildNextApp.js:15:8)
    at build (file:///C:/Users/SAHARA/Desktop/Scroll-Work/node_modules/@opennextjs/cloudflare/dist/cli/build/build.js:50:9)
    at async buildCommand (file:///C:/Users/SAHARA/Desktop/Scroll-Work/node_modules/@opennextjs/cloudflare/dist/cli/commands/build.js:33:5) {
  status: 1,
  signal: null,
  output: [ null, null, null ],
  pid: 28156,
  stdout: null,
  stderr: null
}

Node.js v24.11.0
node:internal/errors:985
  const err = new Error(message);
              ^

Error: Command failed: npm run build
    at genericNodeError (node:internal/errors:985:15)
    at wrappedFn (node:internal/errors:539:14)
    at checkExecSyncError (node:child_process:925:11)
    at Object.execSync (node:child_process:997:15)
    at buildNextjsApp (file:///C:/Users/SAHARA/Desktop/Scroll-Work/node_modules/@opennextjs/aws/dist/build/buildNextApp.js:15:8)
    at build (file:///C:/Users/SAHARA/Desktop/Scroll-Work/node_modules/@opennextjs/cloudflare/dist/cli/build/build.js:50:9)
    at async buildCommand (file:///C:/Users/SAHARA/Desktop/Scroll-Work/node_modules/@opennextjs/cloudflare/dist/cli/commands/build.js:33:5) {
  status: 1,
  signal: null,
  output: [ null, null, null ],
  pid: 2328,
  stdout: null,
  stderr: null
}

Node.js v24.11.0
node:internal/errors:985
  const err = new Error(message);
              ^

Error: Command failed: npm run build
    at genericNodeError (node:internal/errors:985:15)
    at wrappedFn (node:internal/errors:539:14)
    at checkExecSyncError (node:child_process:925:11)
    at Object.execSync (node:child_process:997:15)
    at buildNextjsApp (file:///C:/Users/SAHARA/Desktop/Scroll-Work/node_modules/@opennextjs/aws/dist/build/buildNextApp.js:15:8)
    at build (file:///C:/Users/SAHARA/Desktop/Scroll-Work/node_modules/@opennextjs/cloudflare/dist/cli/build/build.js:50:9)
    at async buildCommand (file:///C:/Users/SAHARA/Desktop/Scroll-Work/node_modules/@opennextjs/cloudflare/dist/cli/commands/build.js:33:5) {
  status: 1,
  signal: null,
  output: [ null, null, null ],
  pid: 25656,
  stdout: null,
  stderr: null
}

Node.js v24.11.0
node:internal/errors:985
  const err = new Error(message);
              ^

Error: Command failed: npm run build
    at genericNodeError (node:internal/errors:985:15)
    at wrappedFn (node:internal/errors:539:14)
    at checkExecSyncError (node:child_process:925:11)
    at Object.execSync (node:child_process:997:15)
    at buildNextjsApp (file:///C:/Users/SAHARA/Desktop/Scroll-Work/node_modules/@opennextjs/aws/dist/build/buildNextApp.js:15:8)
    at build (file:///C:/Users/SAHARA/Desktop/Scroll-Work/node_modules/@opennextjs/cloudflare/dist/cli/build/build.js:50:9)
    at async buildCommand (file:///C:/Users/SAHARA/Desktop/Scroll-Work/node_modules/@opennextjs/cloudflare/dist/cli/commands/build.js:33:5) {
  status: 1,
  signal: null,
  output: [ null, null, null ],
  pid: 17288,
  stdout: null,
  stderr: null
}

Node.js v24.11.0
node:internal/errors:985
  const err = new Error(message);
              ^

Error: Command failed: npm run build
    at genericNodeError (node:internal/errors:985:15)
    at wrappedFn (node:internal/errors:539:14)
    at checkExecSyncError (node:child_process:925:11)
    at Object.execSync (node:child_process:997:15)
    at buildNextjsApp (file:///C:/Users/SAHARA/Desktop/Scroll-Work/node_modules/@opennextjs/aws/dist/build/buildNextApp.js:15:8)
    at build (file:///C:/Users/SAHARA/Desktop/Scroll-Work/node_modules/@opennextjs/cloudflare/dist/cli/build/build.js:50:9)
    at async buildCommand (file:///C:/Users/SAHARA/Desktop/Scroll-Work/node_modules/@opennextjs/cloudflare/dist/cli/commands/build.js:33:5) {
  status: 1,
  signal: null,
  output: [ null, null, null ],
  pid: 3528,
  stdout: null,
  stderr: null
}

Node.js v24.11.0
node:internal/errors:985
  const err = new Error(message);
              ^

Error: Command failed: npm run build
    at genericNodeError (node:internal/errors:985:15)
    at wrappedFn (node:internal/errors:539:14)
    at checkExecSyncError (node:child_process:925:11)
    at Object.execSync (node:child_process:997:15)
    at buildNextjsApp (file:///C:/Users/SAHARA/Desktop/Scroll-Work/node_modules/@opennextjs/aws/dist/build/buildNextApp.js:15:8)
    at build (file:///C:/Users/SAHARA/Desktop/Scroll-Work/node_modules/@opennextjs/cloudflare/dist/cli/build/build.js:50:9)
    at async buildCommand (file:///C:/Users/SAHARA/Desktop/Scroll-Work/node_modules/@opennextjs/cloudflare/dist/cli/commands/build.js:33:5) {
  status: 1,
  signal: null,
  output: [ null, null, null ],
  pid: 35568,
  stdout: null,
  stderr: null
}

Node.js v24.11.0
node:internal/errors:985
  const err = new Error(message);
              ^

Error: Command failed: npm run build
    at genericNodeError (node:internal/errors:985:15)
    at wrappedFn (node:internal/errors:539:14)
    at checkExecSyncError (node:child_process:925:11)
    at Object.execSync (node:child_process:997:15)
    at buildNextjsApp (file:///C:/Users/SAHARA/Desktop/Scroll-Work/node_modules/@opennextjs/aws/dist/build/buildNextApp.js:15:8)
    at build (file:///C:/Users/SAHARA/Desktop/Scroll-Work/node_modules/@opennextjs/cloudflare/dist/cli/build/build.js:50:9)
    at async buildCommand (file:///C:/Users/SAHARA/Desktop/Scroll-Work/node_modules/@opennextjs/cloudflare/dist/cli/commands/build.js:33:5) {
  status: 1,
  signal: null,
  output: [ null, null, null ],
  pid: 2400,
  stdout: null,
  stderr: null
}

Node.js v24.11.0
node:internal/errors:985
  const err = new Error(message);
              ^

Error: Command failed: npm run build
    at genericNodeError (node:internal/errors:985:15)
    at wrappedFn (node:internal/errors:539:14)
    at checkExecSyncError (node:child_process:925:11)
    at Object.execSync (node:child_process:997:15)
    at buildNextjsApp (file:///C:/Users/SAHARA/Desktop/Scroll-Work/node_modules/@opennextjs/aws/dist/build/buildNextApp.js:15:8)
    at build (file:///C:/Users/SAHARA/Desktop/Scroll-Work/node_modules/@opennextjs/cloudflare/dist/cli/build/build.js:50:9)
    at async buildCommand (file:///C:/Users/SAHARA/Desktop/Scroll-Work/node_modules/@opennextjs/cloudflare/dist/cli/commands/build.js:33:5) {
  status: 1,
  signal: null,
  output: [ null, null, null ],
  pid: 32084,
  stdout: null,
  stderr: null
}

Node.js v24.11.0
node:internal/errors:985
  const err = new Error(message);
              ^

Error: Command failed: npm run build
    at genericNodeError (node:internal/errors:985:15)
    at wrappedFn (node:internal/errors:539:14)
    at checkExecSyncError (node:child_process:925:11)
    at Object.execSync (node:child_process:997:15)
    at buildNextjsApp (file:///C:/Users/SAHARA/Desktop/Scroll-Work/node_modules/@opennextjs/aws/dist/build/buildNextApp.js:15:8)
    at build (file:///C:/Users/SAHARA/Desktop/Scroll-Work/node_modules/@opennextjs/cloudflare/dist/cli/build/build.js:50:9)
    at async buildCommand (file:///C:/Users/SAHARA/Desktop/Scroll-Work/node_modules/@opennextjs/cloudflare/dist/cli/commands/build.js:33:5) {
  status: 1,
  signal: null,
  output: [ null, null, null ],
  pid: 19828,
  stdout: null,
  stderr: null
}

Node.js v24.11.0
node:internal/errors:985
  const err = new Error(message);
              ^

Error: Command failed: npm run build
    at genericNodeError (node:internal/errors:985:15)
    at wrappedFn (node:internal/errors:539:14)
    at checkExecSyncError (node:child_process:925:11)
    at Object.execSync (node:child_process:997:15)
    at buildNextjsApp (file:///C:/Users/SAHARA/Desktop/Scroll-Work/node_modules/@opennextjs/aws/dist/build/buildNextApp.js:15:8)
    at build (file:///C:/Users/SAHARA/Desktop/Scroll-Work/node_modules/@opennextjs/cloudflare/dist/cli/build/build.js:50:9)
    at async buildCommand (file:///C:/Users/SAHARA/Desktop/Scroll-Work/node_modules/@opennextjs/cloudflare/dist/cli/commands/build.js:33:5) {
  status: 1,
  signal: null,
  output: [ null, null, null ],
  pid: 18452,
  stdout: null,
  stderr: null
}

Node.js v24.11.0
node:internal/errors:985
  const err = new Error(message);
              ^

Error: Command failed: npm run build
    at genericNodeError (node:internal/errors:985:15)
    at wrappedFn (node:internal/errors:539:14)
    at checkExecSyncError (node:child_process:925:11)
    at Object.execSync (node:child_process:997:15)
    at buildNextjsApp (file:///C:/Users/SAHARA/Desktop/Scroll-Work/node_modules/@opennextjs/aws/dist/build/buildNextApp.js:15:8)
    at build (file:///C:/Users/SAHARA/Desktop/Scroll-Work/node_modules/@opennextjs/cloudflare/dist/cli/build/build.js:50:9)
    at async buildCommand (file:///C:/Users/SAHARA/Desktop/Scroll-Work/node_modules/@opennextjs/cloudflare/dist/cli/commands/build.js:33:5) {
  status: 1,
  signal: null,
  output: [ null, null, null ],
  pid: 36748,
  stdout: null,
  stderr: null
}

Node.js v24.11.0
node:internal/errors:985
  const err = new Error(message);
              ^

Error: Command failed: npm run build
    at genericNodeError (node:internal/errors:985:15)
    at wrappedFn (node:internal/errors:539:14)
    at checkExecSyncError (node:child_process:925:11)
    at Object.execSync (node:child_process:997:15)
    at buildNextjsApp (file:///C:/Users/SAHARA/Desktop/Scroll-Work/node_modules/@opennextjs/aws/dist/build/buildNextApp.js:15:8)
    at build (file:///C:/Users/SAHARA/Desktop/Scroll-Work/node_modules/@opennextjs/cloudflare/dist/cli/build/build.js:50:9)
    at async buildCommand (file:///C:/Users/SAHARA/Desktop/Scroll-Work/node_modules/@opennextjs/cloudflare/dist/cli/commands/build.js:33:5) {
  status: 1,
  signal: null,
  output: [ null, null, null ],
  pid: 33040,
  stdout: null,
  stderr: null
}

Node.js v24.11.0
node:internal/errors:985
  const err = new Error(message);
              ^

Error: Command failed: npm run build
    at genericNodeError (node:internal/errors:985:15)
    at wrappedFn (node:internal/errors:539:14)
    at checkExecSyncError (node:child_process:925:11)
    at Object.execSync (node:child_process:997:15)
    at buildNextjsApp (file:///C:/Users/SAHARA/Desktop/Scroll-Work/node_modules/@opennextjs/aws/dist/build/buildNextApp.js:15:8)
    at build (file:///C:/Users/SAHARA/Desktop/Scroll-Work/node_modules/@opennextjs/cloudflare/dist/cli/build/build.js:50:9)
    at async buildCommand (file:///C:/Users/SAHARA/Desktop/Scroll-Work/node_modules/@opennextjs/cloudflare/dist/cli/commands/build.js:33:5) {
  status: 1,
  signal: null,
  output: [ null, null, null ],
  pid: 16344,
  stdout: null,
  stderr: null
}

Node.js v24.11.0
node:internal/errors:985
  const err = new Error(message);
              ^

Error: Command failed: npm run build
    at genericNodeError (node:internal/errors:985:15)
    at wrappedFn (node:internal/errors:539:14)
    at checkExecSyncError (node:child_process:925:11)
    at Object.execSync (node:child_process:997:15)
    at buildNextjsApp (file:///C:/Users/SAHARA/Desktop/Scroll-Work/node_modules/@opennextjs/aws/dist/build/buildNextApp.js:15:8)
    at build (file:///C:/Users/SAHARA/Desktop/Scroll-Work/node_modules/@opennextjs/cloudflare/dist/cli/build/build.js:50:9)
    at async buildCommand (file:///C:/Users/SAHARA/Desktop/Scroll-Work/node_modules/@opennextjs/cloudflare/dist/cli/commands/build.js:33:5) {
  status: 1,
  signal: null,
  output: [ null, null, null ],
  pid: 32120,
  stdout: null,
  stderr: null
}

Node.js v24.11.0
node:internal/errors:985
  const err = new Error(message);
              ^

Error: Command failed: npm run build
    at genericNodeError (node:internal/errors:985:15)
    at wrappedFn (node:internal/errors:539:14)
    at checkExecSyncError (node:child_process:925:11)
    at Object.execSync (node:child_process:997:15)
    at buildNextjsApp (file:///C:/Users/SAHARA/Desktop/Scroll-Work/node_modules/@opennextjs/aws/dist/build/buildNextApp.js:15:8)
    at build (file:///C:/Users/SAHARA/Desktop/Scroll-Work/node_modules/@opennextjs/cloudflare/dist/cli/build/build.js:50:9)
    at async buildCommand (file:///C:/Users/SAHARA/Desktop/Scroll-Work/node_modules/@opennextjs/cloudflare/dist/cli/commands/build.js:33:5) {
  status: 1,
  signal: null,
  output: [ null, null, null ],
  pid: 8776,
  stdout: null,
  stderr: null
}

Node.js v24.11.0
node:internal/errors:985
  const err = new Error(message);
              ^

Error: Command failed: npm run build
    at genericNodeError (node:internal/errors:985:15)
    at wrappedFn (node:internal/errors:539:14)
    at checkExecSyncError (node:child_process:925:11)
    at Object.execSync (node:child_process:997:15)
    at buildNextjsApp (file:///C:/Users/SAHARA/Desktop/Scroll-Work/node_modules/@opennextjs/aws/dist/build/buildNextApp.js:15:8)
    at build (file:///C:/Users/SAHARA/Desktop/Scroll-Work/node_modules/@opennextjs/cloudflare/dist/cli/build/build.js:50:9)
    at async buildCommand (file:///C:/Users/SAHARA/Desktop/Scroll-Work/node_modules/@opennextjs/cloudflare/dist/cli/commands/build.js:33:5) {
  status: 1,
  signal: null,
  output: [ null, null, null ],
  pid: 4088,
  stdout: null,
  stderr: null
}

Node.js v24.11.0
node:internal/errors:985
  const err = new Error(message);
              ^

Error: Command failed: npm run build
    at genericNodeError (node:internal/errors:985:15)
    at wrappedFn (node:internal/errors:539:14)
    at checkExecSyncError (node:child_process:925:11)
    at Object.execSync (node:child_process:997:15)
    at buildNextjsApp (file:///C:/Users/SAHARA/Desktop/Scroll-Work/node_modules/@opennextjs/aws/dist/build/buildNextApp.js:15:8)
    at build (file:///C:/Users/SAHARA/Desktop/Scroll-Work/node_modules/@opennextjs/cloudflare/dist/cli/build/build.js:50:9)
    at async buildCommand (file:///C:/Users/SAHARA/Desktop/Scroll-Work/node_modules/@opennextjs/cloudflare/dist/cli/commands/build.js:33:5) {
  status: 1,
  signal: null,
  output: [ null, null, null ],
  pid: 5196,
  stdout: null,
  stderr: null
}

Node.js v24.11.0
